<?xml version="1.0" encoding="UTF-8"?>
<testng-results skipped="0" failed="0" ignored="0" total="1" passed="1">
  <reporter-output>
  </reporter-output>
  <suite name="Default suite" duration-ms="12550" started-at="2019-03-21T07:17:09Z" finished-at="2019-03-21T07:17:22Z">
    <groups>
    </groups>
    <test name="Default test" duration-ms="12550" started-at="2019-03-21T07:17:09Z" finished-at="2019-03-21T07:17:22Z">
      <class name="com.automation.JavascriptExecutorExample">
        <test-method status="PASS" signature="test()[pri:0, instance:com.automation.JavascriptExecutorExample@4cc0edeb]" name="test" duration-ms="12522" started-at="2019-03-21T07:17:09Z" finished-at="2019-03-21T07:17:22Z">
          <reporter-output>
          </reporter-output>
        </test-method> <!-- test -->
      </class> <!-- com.automation.JavascriptExecutorExample -->
    </test> <!-- Default test -->
  </suite> <!-- Default suite -->
</testng-results>
